1 [internal] load local bake definitions
#1 reading from stdin 538B done
#1 DONE 0.0s

#2 [internal] load build definition from Dockerfile
#2 transferring dockerfile: 692B 0.1s done
#2 DONE 0.1s

#3 [internal] load metadata for docker.io/library/openjdk:21-jdk
#3 ...

#4 [auth] library/openjdk:pull token for registry-1.docker.io
#4 DONE 0.0s

#5 [auth] library/gradle:pull token for registry-1.docker.io
#5 DONE 0.0s

#6 [internal] load metadata for docker.io/library/gradle:8-jdk21
#6 DONE 1.5s

#3 [internal] load metadata for docker.io/library/openjdk:21-jdk
#3 DONE 1.5s

#7 [internal] load .dockerignore
#7 transferring context: 2B 0.0s done
#7 DONE 0.1s

#8 [builder 1/4] FROM docker.io/library/gradle:8-jdk21@sha256:4660a13d4a9c84bef0f19ba40fb99cc0d31fbb9edcf912c5a114f913c799f13f
#8 DONE 0.0s

#9 [stage-1 1/3] FROM docker.io/library/openjdk:21-jdk@sha256:af9de795d1f8d3b6172f6c55ca9ba1c5768baa11bb2dc8af7045c7db9d4c33ac
#9 DONE 0.1s

#10 [builder 2/4] WORKDIR /home/gradle/project
#10 CACHED

#11 [stage-1 2/3] WORKDIR /opt/app
#11 CACHED

#12 [internal] load build context
#12 transferring context: 9.13kB 0.2s done
#12 DONE 0.3s

#13 [builder 3/4] COPY --chown=gradle:gradle . .
#13 DONE 0.2s

#14 [builder 4/4] RUN --mount=type=cache,target=/home/gradle/.gradle gradle clean build -x test --no-daemon --warning-mode all --stacktrace
#14 2.889 
#14 2.889 Welcome to Gradle 8.14.3!
#14 2.889 
#14 2.889 Here are the highlights of this release:
#14 2.890  - Java 24 support
#14 2.890  - GraalVM Native Image toolchain selection
#14 2.890  - Enhancements to test reporting
#14 2.890  - Build Authoring improvements
#14 2.890 
#14 2.890 For more details see https://docs.gradle.org/8.14.3/release-notes.html
#14 2.890 
#14 3.688 To honour the JVM settings for this build a single-use Daemon process will be forked. For more on this, please refer to https://docs.gradle.org/8.14.3/userguide/gradle_daemon.html#sec:disabling_the_daemon in the Gradle documentation.
#14 9.488 Daemon will be stopped at the end of the build 
#14 85.49 > Task :clean UP-TO-DATE
#14 115.5 > Task :compileJava
#14 133.0 > Task :processResources
#14 133.0 > Task :classes
#14 133.1 > Task :resolveMainClassName
#14 144.0 > Task :bootJar
#14 144.2 > Task :jar
#14 144.2 > Task :assemble
#14 144.2 > Task :check
#14 144.2 > Task :build
#14 144.4 
#14 144.4 BUILD SUCCESSFUL in 2m 23s
#14 144.4 6 actionable tasks: 5 executed, 1 up-to-date
#14 DONE 145.3s

#15 [stage-1 3/3] COPY --from=builder /home/gradle/project/build/libs/*.jar /app.jar
#15 DONE 0.4s

#16 exporting to image
#16 exporting layers
#16 exporting layers 0.5s done
#16 writing image sha256:6b5ce78a2abdfde4a02bb90bc93022f69aca754322b39f9c1455f4f321759709 done
#16 naming to docker.io/library/auth-auth 0.0s done
#16 DONE 0.7s

#17 resolving provenance for metadata file
#17 DONE 0.2s
 auth-auth  Built
